<?xml version="1.0" encoding="UTF-8"?>
<coverage generated="1530475310635" clover="3.2.0">
  <project timestamp="1530475310635" name="All files">
    <metrics statements="155" coveredstatements="151" conditionals="42" coveredconditionals="36" methods="73" coveredmethods="72" elements="270" coveredelements="259" complexity="0" loc="155" ncloc="155" packages="7" files="19" classes="19">
      <package name="src">
        <metrics statements="38" coveredstatements="35" conditionals="32" coveredconditionals="27" methods="8" coveredmethods="8"/>
        <file name="monad.ts" path="C:\Users\Chris.Horobin\source\repos\unify\src\monad.ts">
          <metrics statements="38" coveredstatements="35" conditionals="32" coveredconditionals="27" methods="8" coveredmethods="8"/>
          <line num="1" count="5" type="stmt"/>
          <line num="2" count="5" type="stmt"/>
          <line num="35" count="5" type="stmt"/>
          <line num="36" count="66" type="stmt"/>
          <line num="39" count="5" type="stmt"/>
          <line num="42" count="50" type="stmt"/>
          <line num="45" count="5" type="stmt"/>
          <line num="46" count="11" type="cond" truecount="1" falsecount="1"/>
          <line num="49" count="5" type="stmt"/>
          <line num="50" count="44" type="stmt"/>
          <line num="53" count="5" type="stmt"/>
          <line num="54" count="29" type="stmt"/>
          <line num="57" count="5" type="stmt"/>
          <line num="60" count="17" type="stmt"/>
          <line num="63" count="5" type="stmt"/>
          <line num="71" count="49" type="cond" truecount="2" falsecount="0"/>
          <line num="72" count="10" type="stmt"/>
          <line num="73" count="39" type="cond" truecount="2" falsecount="0"/>
          <line num="74" count="10" type="stmt"/>
          <line num="75" count="29" type="cond" truecount="2" falsecount="0"/>
          <line num="76" count="10" type="stmt"/>
          <line num="77" count="19" type="cond" truecount="2" falsecount="0"/>
          <line num="78" count="10" type="stmt"/>
          <line num="79" count="9" type="cond" truecount="1" falsecount="1"/>
          <line num="80" count="9" type="stmt"/>
          <line num="82" count="0" type="stmt"/>
          <line num="86" count="5" type="stmt"/>
          <line num="108" count="14" type="cond" truecount="4" falsecount="0"/>
          <line num="109" count="3" type="stmt"/>
          <line num="110" count="11" type="cond" truecount="1" falsecount="1"/>
          <line num="114" count="0" type="stmt"/>
          <line num="115" count="11" type="cond" truecount="4" falsecount="0"/>
          <line num="116" count="4" type="stmt"/>
          <line num="117" count="7" type="cond" truecount="4" falsecount="0"/>
          <line num="118" count="3" type="stmt"/>
          <line num="119" count="4" type="cond" truecount="3" falsecount="1"/>
          <line num="120" count="4" type="stmt"/>
          <line num="122" count="0" type="stmt"/>
        </file>
      </package>
      <package name="src.filter">
        <metrics statements="16" coveredstatements="16" conditionals="2" coveredconditionals="2" methods="9" coveredmethods="9"/>
        <file name="filter.ts" path="C:\Users\Chris.Horobin\source\repos\unify\src\filter\filter.ts">
          <metrics statements="10" coveredstatements="10" conditionals="0" coveredconditionals="0" methods="6" coveredmethods="6"/>
          <line num="1" count="1" type="stmt"/>
          <line num="2" count="1" type="stmt"/>
          <line num="4" count="1" type="stmt"/>
          <line num="5" count="1" type="stmt"/>
          <line num="7" count="14" type="stmt"/>
          <line num="9" count="3" type="stmt"/>
          <line num="11" count="14" type="stmt"/>
          <line num="12" count="3" type="stmt"/>
          <line num="14" count="14" type="stmt"/>
          <line num="19" count="14" type="stmt"/>
        </file>
        <file name="index.ts" path="C:\Users\Chris.Horobin\source\repos\unify\src\filter\index.ts">
          <metrics statements="1" coveredstatements="1" conditionals="0" coveredconditionals="0" methods="0" coveredmethods="0"/>
          <line num="1" count="1" type="stmt"/>
        </file>
        <file name="iterable-filter.ts" path="C:\Users\Chris.Horobin\source\repos\unify\src\filter\iterable-filter.ts">
          <metrics statements="5" coveredstatements="5" conditionals="2" coveredconditionals="2" methods="3" coveredmethods="3"/>
          <line num="1" count="14" type="stmt"/>
          <line num="2" count="2" type="stmt"/>
          <line num="8" count="2" type="stmt"/>
          <line num="9" count="3" type="cond" truecount="2" falsecount="0"/>
          <line num="10" count="2" type="stmt"/>
        </file>
      </package>
      <package name="src.flat-map">
        <metrics statements="19" coveredstatements="19" conditionals="0" coveredconditionals="0" methods="10" coveredmethods="10"/>
        <file name="flat-map.ts" path="C:\Users\Chris.Horobin\source\repos\unify\src\flat-map\flat-map.ts">
          <metrics statements="12" coveredstatements="12" conditionals="0" coveredconditionals="0" methods="7" coveredmethods="7"/>
          <line num="1" count="1" type="stmt"/>
          <line num="3" count="1" type="stmt"/>
          <line num="5" count="1" type="stmt"/>
          <line num="6" count="1" type="stmt"/>
          <line num="8" count="1" type="stmt"/>
          <line num="10" count="14" type="stmt"/>
          <line num="11" count="3" type="stmt"/>
          <line num="13" count="14" type="stmt"/>
          <line num="14" count="6" type="stmt"/>
          <line num="16" count="1" type="stmt"/>
          <line num="18" count="14" type="stmt"/>
          <line num="19" count="14" type="stmt"/>
        </file>
        <file name="index.ts" path="C:\Users\Chris.Horobin\source\repos\unify\src\flat-map\index.ts">
          <metrics statements="1" coveredstatements="1" conditionals="0" coveredconditionals="0" methods="0" coveredmethods="0"/>
          <line num="1" count="1" type="stmt"/>
        </file>
        <file name="iterable-flat-map.ts" path="C:\Users\Chris.Horobin\source\repos\unify\src\flat-map\iterable-flat-map.ts">
          <metrics statements="6" coveredstatements="6" conditionals="0" coveredconditionals="0" methods="3" coveredmethods="3"/>
          <line num="1" count="14" type="stmt"/>
          <line num="3" count="2" type="stmt"/>
          <line num="9" count="2" type="stmt"/>
          <line num="10" count="3" type="stmt"/>
          <line num="11" count="3" type="stmt"/>
          <line num="12" count="6" type="stmt"/>
        </file>
      </package>
      <package name="src.fold">
        <metrics statements="15" coveredstatements="15" conditionals="0" coveredconditionals="0" methods="8" coveredmethods="8"/>
        <file name="fold.ts" path="C:\Users\Chris.Horobin\source\repos\unify\src\fold\fold.ts">
          <metrics statements="10" coveredstatements="10" conditionals="0" coveredconditionals="0" methods="6" coveredmethods="6"/>
          <line num="1" count="1" type="stmt"/>
          <line num="2" count="1" type="stmt"/>
          <line num="3" count="1" type="stmt"/>
          <line num="5" count="1" type="stmt"/>
          <line num="7" count="10" type="stmt"/>
          <line num="9" count="2" type="stmt"/>
          <line num="11" count="10" type="stmt"/>
          <line num="12" count="2" type="stmt"/>
          <line num="14" count="10" type="stmt"/>
          <line num="19" count="10" type="stmt"/>
        </file>
        <file name="index.ts" path="C:\Users\Chris.Horobin\source\repos\unify\src\fold\index.ts">
          <metrics statements="1" coveredstatements="1" conditionals="0" coveredconditionals="0" methods="0" coveredmethods="0"/>
          <line num="1" count="1" type="stmt"/>
        </file>
        <file name="iterable-fold.ts" path="C:\Users\Chris.Horobin\source\repos\unify\src\fold\iterable-fold.ts">
          <metrics statements="4" coveredstatements="4" conditionals="0" coveredconditionals="0" methods="2" coveredmethods="2"/>
          <line num="1" count="10" type="stmt"/>
          <line num="4" count="2" type="stmt"/>
          <line num="5" count="3" type="stmt"/>
          <line num="6" count="2" type="stmt"/>
        </file>
      </package>
      <package name="src.map">
        <metrics statements="14" coveredstatements="14" conditionals="0" coveredconditionals="0" methods="9" coveredmethods="9"/>
        <file name="index.ts" path="C:\Users\Chris.Horobin\source\repos\unify\src\map\index.ts">
          <metrics statements="1" coveredstatements="1" conditionals="0" coveredconditionals="0" methods="0" coveredmethods="0"/>
          <line num="1" count="1" type="stmt"/>
        </file>
        <file name="iteratable-map.ts" path="C:\Users\Chris.Horobin\source\repos\unify\src\map\iteratable-map.ts">
          <metrics statements="4" coveredstatements="4" conditionals="0" coveredconditionals="0" methods="3" coveredmethods="3"/>
          <line num="1" count="11" type="stmt"/>
          <line num="2" count="3" type="stmt"/>
          <line num="8" count="3" type="stmt"/>
          <line num="9" count="4" type="stmt"/>
        </file>
        <file name="map.ts" path="C:\Users\Chris.Horobin\source\repos\unify\src\map\map.ts">
          <metrics statements="9" coveredstatements="9" conditionals="0" coveredconditionals="0" methods="6" coveredmethods="6"/>
          <line num="1" count="1" type="stmt"/>
          <line num="2" count="1" type="stmt"/>
          <line num="3" count="1" type="stmt"/>
          <line num="5" count="1" type="stmt"/>
          <line num="7" count="11" type="stmt"/>
          <line num="9" count="11" type="stmt"/>
          <line num="11" count="2" type="stmt"/>
          <line num="13" count="11" type="stmt"/>
          <line num="16" count="11" type="stmt"/>
        </file>
      </package>
      <package name="src.maybe">
        <metrics statements="21" coveredstatements="21" conditionals="6" coveredconditionals="5" methods="15" coveredmethods="15"/>
        <file name="index.ts" path="C:\Users\Chris.Horobin\source\repos\unify\src\maybe\index.ts">
          <metrics statements="3" coveredstatements="3" conditionals="0" coveredconditionals="0" methods="0" coveredmethods="0"/>
          <line num="1" count="5" type="stmt"/>
          <line num="2" count="5" type="stmt"/>
          <line num="3" count="5" type="stmt"/>
        </file>
        <file name="maybe.ts" path="C:\Users\Chris.Horobin\source\repos\unify\src\maybe\maybe.ts">
          <metrics statements="17" coveredstatements="17" conditionals="6" coveredconditionals="5" methods="15" coveredmethods="15"/>
          <line num="2" count="5" type="stmt"/>
          <line num="7" count="15" type="stmt"/>
          <line num="9" count="5" type="stmt"/>
          <line num="10" count="17" type="cond" truecount="1" falsecount="1"/>
          <line num="12" count="54" type="stmt"/>
          <line num="14" count="15" type="cond" truecount="2" falsecount="0"/>
          <line num="16" count="5" type="stmt"/>
          <line num="17" count="10" type="stmt"/>
          <line num="19" count="5" type="stmt"/>
          <line num="20" count="13" type="stmt"/>
          <line num="22" count="14" type="stmt"/>
          <line num="24" count="5" type="stmt"/>
          <line num="25" count="14" type="cond" truecount="2" falsecount="0"/>
          <line num="27" count="5" type="stmt"/>
          <line num="30" count="3" type="stmt"/>
          <line num="31" count="2" type="stmt"/>
          <line num="32" count="1" type="stmt"/>
        </file>
        <file name="nothing.ts" path="C:\Users\Chris.Horobin\source\repos\unify\src\maybe\nothing.ts">
          <metrics statements="1" coveredstatements="1" conditionals="0" coveredconditionals="0" methods="0" coveredmethods="0"/>
          <line num="4" count="5" type="stmt"/>
        </file>
      </package>
      <package name="src.zip-with">
        <metrics statements="32" coveredstatements="31" conditionals="2" coveredconditionals="2" methods="14" coveredmethods="13"/>
        <file name="index.ts" path="C:\Users\Chris.Horobin\source\repos\unify\src\zip-with\index.ts">
          <metrics statements="1" coveredstatements="1" conditionals="0" coveredconditionals="0" methods="0" coveredmethods="0"/>
          <line num="1" count="1" type="stmt"/>
        </file>
        <file name="iterable-zip-with.ts" path="C:\Users\Chris.Horobin\source\repos\unify\src\zip-with\iterable-zip-with.ts">
          <metrics statements="7" coveredstatements="7" conditionals="2" coveredconditionals="2" methods="3" coveredmethods="3"/>
          <line num="1" count="1" type="stmt"/>
          <line num="3" count="14" type="stmt"/>
          <line num="4" count="4" type="stmt"/>
          <line num="11" count="4" type="stmt"/>
          <line num="12" count="4" type="stmt"/>
          <line num="15" count="4" type="stmt"/>
          <line num="19" count="7" type="stmt"/>
        </file>
        <file name="zip-with.ts" path="C:\Users\Chris.Horobin\source\repos\unify\src\zip-with\zip-with.ts">
          <metrics statements="24" coveredstatements="23" conditionals="0" coveredconditionals="0" methods="11" coveredmethods="10"/>
          <line num="1" count="1" type="stmt"/>
          <line num="3" count="1" type="stmt"/>
          <line num="5" count="1" type="stmt"/>
          <line num="6" count="1" type="stmt"/>
          <line num="8" count="1" type="stmt"/>
          <line num="10" count="14" type="stmt"/>
          <line num="11" count="3" type="stmt"/>
          <line num="13" count="3" type="stmt"/>
          <line num="16" count="1" type="stmt"/>
          <line num="18" count="14" type="stmt"/>
          <line num="21" count="0" type="stmt"/>
          <line num="23" count="1" type="stmt"/>
          <line num="25" count="14" type="stmt"/>
          <line num="26" count="4" type="stmt"/>
          <line num="27" count="4" type="stmt"/>
          <line num="29" count="4" type="stmt"/>
          <line num="30" count="6" type="stmt"/>
          <line num="33" count="4" type="stmt"/>
          <line num="36" count="1" type="stmt"/>
          <line num="38" count="14" type="stmt"/>
          <line num="39" count="3" type="stmt"/>
          <line num="41" count="1" type="stmt"/>
          <line num="43" count="14" type="stmt"/>
          <line num="47" count="14" type="stmt"/>
        </file>
      </package>
    </metrics>
  </project>
</coverage>
