{"C:\\Users\\Chris.Horobin\\source\\repos\\unify\\src\\monad.ts": {"path":"C:\\Users\\Chris.Horobin\\source\\repos\\unify\\src\\monad.ts","statementMap":{"0":{"start":{"line":1,"column":0},"end":{"line":1,"column":65}},"1":{"start":{"line":2,"column":0},"end":{"line":2,"column":62}},"2":{"start":{"line":36,"column":2},"end":{"line":36,"column":31}},"3":{"start":{"line":35,"column":0},"end":{"line":37,"column":1}},"4":{"start":{"line":42,"column":2},"end":{"line":42,"column":45}},"5":{"start":{"line":39,"column":0},"end":{"line":43,"column":1}},"6":{"start":{"line":46,"column":2},"end":{"line":46,"column":77}},"7":{"start":{"line":45,"column":0},"end":{"line":47,"column":1}},"8":{"start":{"line":50,"column":2},"end":{"line":50,"column":30}},"9":{"start":{"line":49,"column":0},"end":{"line":51,"column":1}},"10":{"start":{"line":54,"column":2},"end":{"line":54,"column":60}},"11":{"start":{"line":53,"column":0},"end":{"line":55,"column":1}},"12":{"start":{"line":60,"column":2},"end":{"line":60,"column":61}},"13":{"start":{"line":57,"column":0},"end":{"line":61,"column":1}},"14":{"start":{"line":63,"column":13},"end":{"line":84,"column":2}},"15":{"start":{"line":71,"column":2},"end":{"line":83,"column":3}},"16":{"start":{"line":72,"column":4},"end":{"line":72,"column":31}},"17":{"start":{"line":73,"column":9},"end":{"line":83,"column":3}},"18":{"start":{"line":74,"column":4},"end":{"line":74,"column":38}},"19":{"start":{"line":75,"column":9},"end":{"line":83,"column":3}},"20":{"start":{"line":76,"column":4},"end":{"line":76,"column":26}},"21":{"start":{"line":77,"column":9},"end":{"line":83,"column":3}},"22":{"start":{"line":78,"column":4},"end":{"line":78,"column":26}},"23":{"start":{"line":79,"column":9},"end":{"line":83,"column":3}},"24":{"start":{"line":80,"column":4},"end":{"line":80,"column":29}},"25":{"start":{"line":82,"column":4},"end":{"line":82,"column":36}},"26":{"start":{"line":86,"column":13},"end":{"line":124,"column":2}},"27":{"start":{"line":108,"column":2},"end":{"line":123,"column":3}},"28":{"start":{"line":109,"column":4},"end":{"line":109,"column":39}},"29":{"start":{"line":110,"column":9},"end":{"line":123,"column":3}},"30":{"start":{"line":114,"column":4},"end":{"line":114,"column":37}},"31":{"start":{"line":115,"column":9},"end":{"line":123,"column":3}},"32":{"start":{"line":116,"column":4},"end":{"line":116,"column":34}},"33":{"start":{"line":117,"column":9},"end":{"line":123,"column":3}},"34":{"start":{"line":118,"column":4},"end":{"line":118,"column":34}},"35":{"start":{"line":119,"column":9},"end":{"line":123,"column":3}},"36":{"start":{"line":120,"column":4},"end":{"line":120,"column":37}},"37":{"start":{"line":122,"column":4},"end":{"line":122,"column":37}}},"fnMap":{"0":{"name":"isObservable","decl":{"start":{"line":35,"column":0},"end":{"line":35,"column":31}},"loc":{"start":{"line":35,"column":47},"end":{"line":37,"column":1}}},"1":{"name":"isImmutableIterable","decl":{"start":{"line":39,"column":0},"end":{"line":40,"column":1}},"loc":{"start":{"line":40,"column":17},"end":{"line":43,"column":1}}},"2":{"name":"isIterableIndexed","decl":{"start":{"line":45,"column":0},"end":{"line":45,"column":36}},"loc":{"start":{"line":45,"column":52},"end":{"line":47,"column":1}}},"3":{"name":"isArray","decl":{"start":{"line":49,"column":0},"end":{"line":49,"column":26}},"loc":{"start":{"line":49,"column":42},"end":{"line":51,"column":1}}},"4":{"name":"isMaybe","decl":{"start":{"line":53,"column":0},"end":{"line":53,"column":26}},"loc":{"start":{"line":53,"column":49},"end":{"line":55,"column":1}}},"5":{"name":"isIterable","decl":{"start":{"line":57,"column":0},"end":{"line":58,"column":1}},"loc":{"start":{"line":58,"column":27},"end":{"line":61,"column":1}}},"6":{"name":"(anonymous_6)","decl":{"start":{"line":63,"column":23},"end":{"line":64,"column":2}},"loc":{"start":{"line":70,"column":4},"end":{"line":84,"column":1}}},"7":{"name":"(anonymous_7)","decl":{"start":{"line":86,"column":26},"end":{"line":97,"column":2}},"loc":{"start":{"line":107,"column":4},"end":{"line":124,"column":1}}}},"branchMap":{"0":{"loc":{"start":{"line":46,"column":9},"end":{"line":46,"column":38}},"type":"binary-expr","locations":[{"start":{"line":46,"column":9},"end":{"line":46,"column":38}},{"start":{"line":46,"column":42},"end":{"line":46,"column":76}}]},"1":{"loc":{"start":{"line":71,"column":2},"end":{"line":83,"column":3}},"type":"if","locations":[{"start":{"line":71,"column":2},"end":{"line":83,"column":3}},{"start":{"line":71,"column":2},"end":{"line":83,"column":3}}]},"2":{"loc":{"start":{"line":73,"column":9},"end":{"line":83,"column":3}},"type":"if","locations":[{"start":{"line":73,"column":9},"end":{"line":83,"column":3}},{"start":{"line":73,"column":9},"end":{"line":83,"column":3}}]},"3":{"loc":{"start":{"line":75,"column":9},"end":{"line":83,"column":3}},"type":"if","locations":[{"start":{"line":75,"column":9},"end":{"line":83,"column":3}},{"start":{"line":75,"column":9},"end":{"line":83,"column":3}}]},"4":{"loc":{"start":{"line":77,"column":9},"end":{"line":83,"column":3}},"type":"if","locations":[{"start":{"line":77,"column":9},"end":{"line":83,"column":3}},{"start":{"line":77,"column":9},"end":{"line":83,"column":3}}]},"5":{"loc":{"start":{"line":79,"column":9},"end":{"line":83,"column":3}},"type":"if","locations":[{"start":{"line":79,"column":9},"end":{"line":83,"column":3}},{"start":{"line":79,"column":9},"end":{"line":83,"column":3}}]},"6":{"loc":{"start":{"line":108,"column":2},"end":{"line":123,"column":3}},"type":"if","locations":[{"start":{"line":108,"column":2},"end":{"line":123,"column":3}},{"start":{"line":108,"column":2},"end":{"line":123,"column":3}}]},"7":{"loc":{"start":{"line":108,"column":6},"end":{"line":108,"column":33}},"type":"binary-expr","locations":[{"start":{"line":108,"column":6},"end":{"line":108,"column":33}},{"start":{"line":108,"column":37},"end":{"line":108,"column":66}}]},"8":{"loc":{"start":{"line":110,"column":9},"end":{"line":123,"column":3}},"type":"if","locations":[{"start":{"line":110,"column":9},"end":{"line":123,"column":3}},{"start":{"line":110,"column":9},"end":{"line":123,"column":3}}]},"9":{"loc":{"start":{"line":111,"column":4},"end":{"line":111,"column":36}},"type":"binary-expr","locations":[{"start":{"line":111,"column":4},"end":{"line":111,"column":36}},{"start":{"line":112,"column":4},"end":{"line":112,"column":38}}]},"10":{"loc":{"start":{"line":115,"column":9},"end":{"line":123,"column":3}},"type":"if","locations":[{"start":{"line":115,"column":9},"end":{"line":123,"column":3}},{"start":{"line":115,"column":9},"end":{"line":123,"column":3}}]},"11":{"loc":{"start":{"line":115,"column":13},"end":{"line":115,"column":35}},"type":"binary-expr","locations":[{"start":{"line":115,"column":13},"end":{"line":115,"column":35}},{"start":{"line":115,"column":39},"end":{"line":115,"column":63}}]},"12":{"loc":{"start":{"line":117,"column":9},"end":{"line":123,"column":3}},"type":"if","locations":[{"start":{"line":117,"column":9},"end":{"line":123,"column":3}},{"start":{"line":117,"column":9},"end":{"line":123,"column":3}}]},"13":{"loc":{"start":{"line":117,"column":13},"end":{"line":117,"column":35}},"type":"binary-expr","locations":[{"start":{"line":117,"column":13},"end":{"line":117,"column":35}},{"start":{"line":117,"column":39},"end":{"line":117,"column":63}}]},"14":{"loc":{"start":{"line":119,"column":9},"end":{"line":123,"column":3}},"type":"if","locations":[{"start":{"line":119,"column":9},"end":{"line":123,"column":3}},{"start":{"line":119,"column":9},"end":{"line":123,"column":3}}]},"15":{"loc":{"start":{"line":119,"column":13},"end":{"line":119,"column":38}},"type":"binary-expr","locations":[{"start":{"line":119,"column":13},"end":{"line":119,"column":38}},{"start":{"line":119,"column":42},"end":{"line":119,"column":69}}]}},"s":{"0":5,"1":5,"2":66,"3":5,"4":50,"5":5,"6":11,"7":5,"8":44,"9":5,"10":29,"11":5,"12":17,"13":5,"14":5,"15":49,"16":10,"17":39,"18":10,"19":29,"20":10,"21":19,"22":10,"23":9,"24":9,"25":0,"26":5,"27":14,"28":3,"29":11,"30":0,"31":11,"32":4,"33":7,"34":3,"35":4,"36":4,"37":0},"f":{"0":66,"1":50,"2":11,"3":44,"4":29,"5":17,"6":49,"7":14},"b":{"0":[11,0],"1":[10,39],"2":[10,29],"3":[10,19],"4":[10,9],"5":[9,0],"6":[3,11],"7":[14,3],"8":[0,11],"9":[11,0],"10":[4,7],"11":[11,4],"12":[3,4],"13":[7,3],"14":[4,0],"15":[4,4]}}
,"C:\\Users\\Chris.Horobin\\source\\repos\\unify\\src\\filter\\filter.ts": {"path":"C:\\Users\\Chris.Horobin\\source\\repos\\unify\\src\\filter\\filter.ts","statementMap":{"0":{"start":{"line":1,"column":0},"end":{"line":1,"column":41}},"1":{"start":{"line":2,"column":0},"end":{"line":2,"column":51}},"2":{"start":{"line":4,"column":0},"end":{"line":4,"column":48}},"3":{"start":{"line":5,"column":0},"end":{"line":5,"column":60}},"4":{"start":{"line":7,"column":32},"end":{"line":9,"column":66}},"5":{"start":{"line":7,"column":71},"end":{"line":9,"column":66}},"6":{"start":{"line":9,"column":5},"end":{"line":9,"column":66}},"7":{"start":{"line":11,"column":20},"end":{"line":12,"column":25}},"8":{"start":{"line":11,"column":59},"end":{"line":12,"column":25}},"9":{"start":{"line":12,"column":2},"end":{"line":12,"column":25}},"10":{"start":{"line":14,"column":13},"end":{"line":26,"column":14}},"11":{"start":{"line":14,"column":61},"end":{"line":26,"column":13}},"12":{"start":{"line":19,"column":2},"end":{"line":26,"column":13}}},"fnMap":{"0":{"name":"(anonymous_0)","decl":{"start":{"line":7,"column":32},"end":{"line":7,"column":36}},"loc":{"start":{"line":7,"column":71},"end":{"line":9,"column":66}}},"1":{"name":"(anonymous_1)","decl":{"start":{"line":7,"column":71},"end":{"line":8,"column":2}},"loc":{"start":{"line":9,"column":5},"end":{"line":9,"column":66}}},"2":{"name":"(anonymous_2)","decl":{"start":{"line":11,"column":20},"end":{"line":11,"column":24}},"loc":{"start":{"line":11,"column":59},"end":{"line":12,"column":25}}},"3":{"name":"(anonymous_3)","decl":{"start":{"line":11,"column":59},"end":{"line":11,"column":60}},"loc":{"start":{"line":12,"column":2},"end":{"line":12,"column":25}}},"4":{"name":"(anonymous_4)","decl":{"start":{"line":14,"column":22},"end":{"line":14,"column":26}},"loc":{"start":{"line":14,"column":61},"end":{"line":26,"column":13}}},"5":{"name":"(anonymous_5)","decl":{"start":{"line":14,"column":61},"end":{"line":17,"column":2}},"loc":{"start":{"line":19,"column":2},"end":{"line":26,"column":13}}}},"branchMap":{},"s":{"0":1,"1":1,"2":1,"3":1,"4":1,"5":14,"6":3,"7":1,"8":14,"9":3,"10":1,"11":14,"12":14},"f":{"0":14,"1":3,"2":14,"3":3,"4":14,"5":14},"b":{}}
,"C:\\Users\\Chris.Horobin\\source\\repos\\unify\\src\\filter\\index.ts": {"path":"C:\\Users\\Chris.Horobin\\source\\repos\\unify\\src\\filter\\index.ts","statementMap":{"0":{"start":{"line":1,"column":0},"end":{"line":1,"column":25}}},"fnMap":{},"branchMap":{},"s":{"0":1},"f":{},"b":{}}
,"C:\\Users\\Chris.Horobin\\source\\repos\\unify\\src\\filter\\iterable-filter.ts": {"path":"C:\\Users\\Chris.Horobin\\source\\repos\\unify\\src\\filter\\iterable-filter.ts","statementMap":{"0":{"start":{"line":1,"column":13},"end":{"line":2,"column":30}},"1":{"start":{"line":1,"column":53},"end":{"line":2,"column":29}},"2":{"start":{"line":2,"column":2},"end":{"line":2,"column":29}},"3":{"start":{"line":8,"column":2},"end":{"line":12,"column":3}},"4":{"start":{"line":9,"column":4},"end":{"line":11,"column":5}},"5":{"start":{"line":10,"column":6},"end":{"line":10,"column":16}}},"fnMap":{"0":{"name":"(anonymous_0)","decl":{"start":{"line":1,"column":22},"end":{"line":1,"column":26}},"loc":{"start":{"line":1,"column":53},"end":{"line":2,"column":29}}},"1":{"name":"(anonymous_1)","decl":{"start":{"line":1,"column":53},"end":{"line":1,"column":54}},"loc":{"start":{"line":2,"column":2},"end":{"line":2,"column":29}}},"2":{"name":"iterableFilter","decl":{"start":{"line":4,"column":9},"end":{"line":5,"column":1}},"loc":{"start":{"line":6,"column":23},"end":{"line":13,"column":1}}}},"branchMap":{"0":{"loc":{"start":{"line":9,"column":4},"end":{"line":11,"column":5}},"type":"if","locations":[{"start":{"line":9,"column":4},"end":{"line":11,"column":5}},{"start":{"line":9,"column":4},"end":{"line":11,"column":5}}]}},"s":{"0":1,"1":14,"2":2,"3":2,"4":3,"5":2},"f":{"0":14,"1":2,"2":2},"b":{"0":[2,1]}}
,"C:\\Users\\Chris.Horobin\\source\\repos\\unify\\src\\flat-map\\flat-map.ts": {"path":"C:\\Users\\Chris.Horobin\\source\\repos\\unify\\src\\flat-map\\flat-map.ts","statementMap":{"0":{"start":{"line":1,"column":0},"end":{"line":1,"column":51}},"1":{"start":{"line":3,"column":0},"end":{"line":3,"column":53}},"2":{"start":{"line":5,"column":0},"end":{"line":5,"column":57}},"3":{"start":{"line":6,"column":0},"end":{"line":6,"column":64}},"4":{"start":{"line":8,"column":33},"end":{"line":11,"column":73}},"5":{"start":{"line":10,"column":5},"end":{"line":11,"column":73}},"6":{"start":{"line":11,"column":2},"end":{"line":11,"column":73}},"7":{"start":{"line":13,"column":21},"end":{"line":14,"column":66}},"8":{"start":{"line":13,"column":51},"end":{"line":14,"column":66}},"9":{"start":{"line":14,"column":2},"end":{"line":14,"column":66}},"10":{"start":{"line":14,"column":39},"end":{"line":14,"column":61}},"11":{"start":{"line":16,"column":13},"end":{"line":26,"column":14}},"12":{"start":{"line":18,"column":5},"end":{"line":26,"column":13}},"13":{"start":{"line":19,"column":2},"end":{"line":26,"column":13}}},"fnMap":{"0":{"name":"(anonymous_0)","decl":{"start":{"line":8,"column":33},"end":{"line":9,"column":2}},"loc":{"start":{"line":10,"column":5},"end":{"line":11,"column":73}}},"1":{"name":"(anonymous_1)","decl":{"start":{"line":10,"column":5},"end":{"line":10,"column":6}},"loc":{"start":{"line":11,"column":2},"end":{"line":11,"column":73}}},"2":{"name":"(anonymous_2)","decl":{"start":{"line":13,"column":21},"end":{"line":13,"column":28}},"loc":{"start":{"line":13,"column":51},"end":{"line":14,"column":66}}},"3":{"name":"(anonymous_3)","decl":{"start":{"line":13,"column":51},"end":{"line":13,"column":52}},"loc":{"start":{"line":14,"column":2},"end":{"line":14,"column":66}}},"4":{"name":"(anonymous_4)","decl":{"start":{"line":14,"column":13},"end":{"line":14,"column":14}},"loc":{"start":{"line":14,"column":39},"end":{"line":14,"column":61}}},"5":{"name":"(anonymous_5)","decl":{"start":{"line":16,"column":23},"end":{"line":17,"column":2}},"loc":{"start":{"line":18,"column":5},"end":{"line":26,"column":13}}},"6":{"name":"(anonymous_6)","decl":{"start":{"line":18,"column":5},"end":{"line":18,"column":6}},"loc":{"start":{"line":19,"column":2},"end":{"line":26,"column":13}}}},"branchMap":{},"s":{"0":1,"1":1,"2":1,"3":1,"4":1,"5":14,"6":3,"7":1,"8":14,"9":3,"10":6,"11":1,"12":14,"13":14},"f":{"0":14,"1":3,"2":14,"3":3,"4":6,"5":14,"6":14},"b":{}}
,"C:\\Users\\Chris.Horobin\\source\\repos\\unify\\src\\flat-map\\index.ts": {"path":"C:\\Users\\Chris.Horobin\\source\\repos\\unify\\src\\flat-map\\index.ts","statementMap":{"0":{"start":{"line":1,"column":0},"end":{"line":1,"column":27}}},"fnMap":{},"branchMap":{},"s":{"0":1},"f":{},"b":{}}
,"C:\\Users\\Chris.Horobin\\source\\repos\\unify\\src\\flat-map\\iterable-flat-map.ts": {"path":"C:\\Users\\Chris.Horobin\\source\\repos\\unify\\src\\flat-map\\iterable-flat-map.ts","statementMap":{"0":{"start":{"line":1,"column":13},"end":{"line":3,"column":34}},"1":{"start":{"line":1,"column":61},"end":{"line":3,"column":33}},"2":{"start":{"line":3,"column":5},"end":{"line":3,"column":33}},"3":{"start":{"line":9,"column":2},"end":{"line":14,"column":3}},"4":{"start":{"line":10,"column":26},"end":{"line":10,"column":37}},"5":{"start":{"line":11,"column":4},"end":{"line":13,"column":5}},"6":{"start":{"line":12,"column":6},"end":{"line":12,"column":21}}},"fnMap":{"0":{"name":"(anonymous_0)","decl":{"start":{"line":1,"column":23},"end":{"line":1,"column":30}},"loc":{"start":{"line":1,"column":61},"end":{"line":3,"column":33}}},"1":{"name":"(anonymous_1)","decl":{"start":{"line":1,"column":61},"end":{"line":2,"column":2}},"loc":{"start":{"line":3,"column":5},"end":{"line":3,"column":33}}},"2":{"name":"iterableFlatMap","decl":{"start":{"line":5,"column":9},"end":{"line":6,"column":1}},"loc":{"start":{"line":7,"column":28},"end":{"line":15,"column":1}}}},"branchMap":{},"s":{"0":1,"1":14,"2":2,"3":2,"4":3,"5":3,"6":6},"f":{"0":14,"1":2,"2":2},"b":{}}
,"C:\\Users\\Chris.Horobin\\source\\repos\\unify\\src\\fold\\fold.ts": {"path":"C:\\Users\\Chris.Horobin\\source\\repos\\unify\\src\\fold\\fold.ts","statementMap":{"0":{"start":{"line":1,"column":0},"end":{"line":1,"column":52}},"1":{"start":{"line":2,"column":0},"end":{"line":2,"column":51}},"2":{"start":{"line":3,"column":0},"end":{"line":3,"column":48}},"3":{"start":{"line":5,"column":0},"end":{"line":5,"column":54}},"4":{"start":{"line":7,"column":30},"end":{"line":9,"column":78}},"5":{"start":{"line":7,"column":75},"end":{"line":9,"column":78}},"6":{"start":{"line":9,"column":5},"end":{"line":9,"column":78}},"7":{"start":{"line":11,"column":18},"end":{"line":12,"column":23}},"8":{"start":{"line":11,"column":63},"end":{"line":12,"column":23}},"9":{"start":{"line":12,"column":2},"end":{"line":12,"column":23}},"10":{"start":{"line":14,"column":13},"end":{"line":26,"column":28}},"11":{"start":{"line":14,"column":65},"end":{"line":26,"column":27}},"12":{"start":{"line":19,"column":2},"end":{"line":26,"column":27}}},"fnMap":{"0":{"name":"(anonymous_0)","decl":{"start":{"line":7,"column":30},"end":{"line":7,"column":37}},"loc":{"start":{"line":7,"column":75},"end":{"line":9,"column":78}}},"1":{"name":"(anonymous_1)","decl":{"start":{"line":7,"column":75},"end":{"line":8,"column":2}},"loc":{"start":{"line":9,"column":5},"end":{"line":9,"column":78}}},"2":{"name":"(anonymous_2)","decl":{"start":{"line":11,"column":18},"end":{"line":11,"column":25}},"loc":{"start":{"line":11,"column":63},"end":{"line":12,"column":23}}},"3":{"name":"(anonymous_3)","decl":{"start":{"line":11,"column":63},"end":{"line":11,"column":64}},"loc":{"start":{"line":12,"column":2},"end":{"line":12,"column":23}}},"4":{"name":"(anonymous_4)","decl":{"start":{"line":14,"column":20},"end":{"line":14,"column":27}},"loc":{"start":{"line":14,"column":65},"end":{"line":26,"column":27}}},"5":{"name":"(anonymous_5)","decl":{"start":{"line":14,"column":65},"end":{"line":17,"column":2}},"loc":{"start":{"line":19,"column":2},"end":{"line":26,"column":27}}}},"branchMap":{},"s":{"0":1,"1":1,"2":1,"3":1,"4":1,"5":10,"6":2,"7":1,"8":10,"9":2,"10":1,"11":10,"12":10},"f":{"0":10,"1":2,"2":10,"3":2,"4":10,"5":10},"b":{}}
,"C:\\Users\\Chris.Horobin\\source\\repos\\unify\\src\\fold\\index.ts": {"path":"C:\\Users\\Chris.Horobin\\source\\repos\\unify\\src\\fold\\index.ts","statementMap":{"0":{"start":{"line":1,"column":0},"end":{"line":1,"column":23}}},"fnMap":{},"branchMap":{},"s":{"0":1},"f":{},"b":{}}
,"C:\\Users\\Chris.Horobin\\source\\repos\\unify\\src\\fold\\iterable-fold.ts": {"path":"C:\\Users\\Chris.Horobin\\source\\repos\\unify\\src\\fold\\iterable-fold.ts","statementMap":{"0":{"start":{"line":1,"column":13},"end":{"line":7,"column":2}},"1":{"start":{"line":1,"column":65},"end":{"line":7,"column":1}},"2":{"start":{"line":4,"column":12},"end":{"line":4,"column":16}},"3":{"start":{"line":5,"column":2},"end":{"line":5,"column":48}},"4":{"start":{"line":5,"column":30},"end":{"line":5,"column":48}},"5":{"start":{"line":6,"column":2},"end":{"line":6,"column":13}}},"fnMap":{"0":{"name":"(anonymous_0)","decl":{"start":{"line":1,"column":20},"end":{"line":1,"column":27}},"loc":{"start":{"line":1,"column":65},"end":{"line":7,"column":1}}},"1":{"name":"(anonymous_1)","decl":{"start":{"line":1,"column":65},"end":{"line":2,"column":2}},"loc":{"start":{"line":3,"column":4},"end":{"line":7,"column":1}}}},"branchMap":{},"s":{"0":1,"1":10,"2":2,"3":2,"4":3,"5":2},"f":{"0":10,"1":2},"b":{}}
,"C:\\Users\\Chris.Horobin\\source\\repos\\unify\\src\\map\\index.ts": {"path":"C:\\Users\\Chris.Horobin\\source\\repos\\unify\\src\\map\\index.ts","statementMap":{"0":{"start":{"line":1,"column":0},"end":{"line":1,"column":22}}},"fnMap":{},"branchMap":{},"s":{"0":1},"f":{},"b":{}}
,"C:\\Users\\Chris.Horobin\\source\\repos\\unify\\src\\map\\iteratable-map.ts": {"path":"C:\\Users\\Chris.Horobin\\source\\repos\\unify\\src\\map\\iteratable-map.ts","statementMap":{"0":{"start":{"line":1,"column":13},"end":{"line":2,"column":27}},"1":{"start":{"line":1,"column":47},"end":{"line":2,"column":26}},"2":{"start":{"line":2,"column":2},"end":{"line":2,"column":26}},"3":{"start":{"line":8,"column":2},"end":{"line":10,"column":3}},"4":{"start":{"line":9,"column":4},"end":{"line":9,"column":17}}},"fnMap":{"0":{"name":"(anonymous_0)","decl":{"start":{"line":1,"column":19},"end":{"line":1,"column":26}},"loc":{"start":{"line":1,"column":47},"end":{"line":2,"column":26}}},"1":{"name":"(anonymous_1)","decl":{"start":{"line":1,"column":47},"end":{"line":1,"column":48}},"loc":{"start":{"line":2,"column":2},"end":{"line":2,"column":26}}},"2":{"name":"iterableMap","decl":{"start":{"line":4,"column":9},"end":{"line":5,"column":1}},"loc":{"start":{"line":6,"column":23},"end":{"line":11,"column":1}}}},"branchMap":{},"s":{"0":1,"1":11,"2":3,"3":3,"4":4},"f":{"0":11,"1":3,"2":3},"b":{}}
,"C:\\Users\\Chris.Horobin\\source\\repos\\unify\\src\\map\\map.ts": {"path":"C:\\Users\\Chris.Horobin\\source\\repos\\unify\\src\\map\\map.ts","statementMap":{"0":{"start":{"line":1,"column":0},"end":{"line":1,"column":51}},"1":{"start":{"line":2,"column":0},"end":{"line":2,"column":45}},"2":{"start":{"line":3,"column":0},"end":{"line":3,"column":48}},"3":{"start":{"line":5,"column":0},"end":{"line":5,"column":53}},"4":{"start":{"line":7,"column":17},"end":{"line":7,"column":69}},"5":{"start":{"line":7,"column":45},"end":{"line":7,"column":69}},"6":{"start":{"line":7,"column":59},"end":{"line":7,"column":69}},"7":{"start":{"line":9,"column":29},"end":{"line":11,"column":45}},"8":{"start":{"line":9,"column":57},"end":{"line":11,"column":45}},"9":{"start":{"line":11,"column":5},"end":{"line":11,"column":45}},"10":{"start":{"line":13,"column":13},"end":{"line":23,"column":27}},"11":{"start":{"line":13,"column":47},"end":{"line":23,"column":26}},"12":{"start":{"line":16,"column":2},"end":{"line":23,"column":26}}},"fnMap":{"0":{"name":"(anonymous_0)","decl":{"start":{"line":7,"column":17},"end":{"line":7,"column":24}},"loc":{"start":{"line":7,"column":45},"end":{"line":7,"column":69}}},"1":{"name":"(anonymous_1)","decl":{"start":{"line":7,"column":45},"end":{"line":7,"column":46}},"loc":{"start":{"line":7,"column":59},"end":{"line":7,"column":69}}},"2":{"name":"(anonymous_2)","decl":{"start":{"line":9,"column":29},"end":{"line":9,"column":36}},"loc":{"start":{"line":9,"column":57},"end":{"line":11,"column":45}}},"3":{"name":"(anonymous_3)","decl":{"start":{"line":9,"column":57},"end":{"line":10,"column":2}},"loc":{"start":{"line":11,"column":5},"end":{"line":11,"column":45}}},"4":{"name":"(anonymous_4)","decl":{"start":{"line":13,"column":19},"end":{"line":13,"column":26}},"loc":{"start":{"line":13,"column":47},"end":{"line":23,"column":26}}},"5":{"name":"(anonymous_5)","decl":{"start":{"line":13,"column":47},"end":{"line":14,"column":2}},"loc":{"start":{"line":16,"column":2},"end":{"line":23,"column":26}}}},"branchMap":{},"s":{"0":1,"1":1,"2":1,"3":1,"4":1,"5":11,"6":2,"7":1,"8":11,"9":2,"10":1,"11":11,"12":11},"f":{"0":11,"1":2,"2":11,"3":2,"4":11,"5":11},"b":{}}
,"C:\\Users\\Chris.Horobin\\source\\repos\\unify\\src\\maybe\\index.ts": {"path":"C:\\Users\\Chris.Horobin\\source\\repos\\unify\\src\\maybe\\index.ts","statementMap":{"0":{"start":{"line":1,"column":0},"end":{"line":1,"column":23}},"1":{"start":{"line":2,"column":0},"end":{"line":2,"column":24}},"2":{"start":{"line":3,"column":0},"end":{"line":3,"column":26}}},"fnMap":{},"branchMap":{},"s":{"0":5,"1":5,"2":5},"f":{},"b":{}}
,"C:\\Users\\Chris.Horobin\\source\\repos\\unify\\src\\maybe\\maybe.ts": {"path":"C:\\Users\\Chris.Horobin\\source\\repos\\unify\\src\\maybe\\maybe.ts","statementMap":{"0":{"start":{"line":2,"column":0},"end":{"line":2,"column":44}},"1":{"start":{"line":7,"column":13},"end":{"line":7,"column":67}},"2":{"start":{"line":7,"column":49},"end":{"line":7,"column":66}},"3":{"start":{"line":9,"column":13},"end":{"line":10,"column":57}},"4":{"start":{"line":10,"column":2},"end":{"line":10,"column":56}},"5":{"start":{"line":12,"column":13},"end":{"line":14,"column":69}},"6":{"start":{"line":12,"column":67},"end":{"line":14,"column":68}},"7":{"start":{"line":14,"column":6},"end":{"line":14,"column":67}},"8":{"start":{"line":16,"column":13},"end":{"line":17,"column":54}},"9":{"start":{"line":17,"column":2},"end":{"line":17,"column":53}},"10":{"start":{"line":17,"column":19},"end":{"line":17,"column":41}},"11":{"start":{"line":19,"column":13},"end":{"line":20,"column":43}},"12":{"start":{"line":20,"column":2},"end":{"line":20,"column":42}},"13":{"start":{"line":20,"column":19},"end":{"line":20,"column":32}},"14":{"start":{"line":22,"column":13},"end":{"line":22,"column":75}},"15":{"start":{"line":22,"column":58},"end":{"line":22,"column":74}},"16":{"start":{"line":24,"column":13},"end":{"line":25,"column":61}},"17":{"start":{"line":25,"column":2},"end":{"line":25,"column":60}},"18":{"start":{"line":25,"column":20},"end":{"line":25,"column":49}},"19":{"start":{"line":27,"column":13},"end":{"line":33,"column":4}},"20":{"start":{"line":30,"column":2},"end":{"line":33,"column":3}},"21":{"start":{"line":31,"column":23},"end":{"line":31,"column":70}},"22":{"start":{"line":31,"column":48},"end":{"line":31,"column":69}},"23":{"start":{"line":32,"column":27},"end":{"line":32,"column":34}}},"fnMap":{"0":{"name":"(anonymous_0)","decl":{"start":{"line":7,"column":25},"end":{"line":7,"column":29}},"loc":{"start":{"line":7,"column":49},"end":{"line":7,"column":66}}},"1":{"name":"(anonymous_1)","decl":{"start":{"line":9,"column":46},"end":{"line":9,"column":50}},"loc":{"start":{"line":10,"column":2},"end":{"line":10,"column":56}}},"2":{"name":"(anonymous_2)","decl":{"start":{"line":12,"column":20},"end":{"line":12,"column":27}},"loc":{"start":{"line":12,"column":67},"end":{"line":14,"column":68}}},"3":{"name":"(anonymous_3)","decl":{"start":{"line":12,"column":67},"end":{"line":13,"column":2}},"loc":{"start":{"line":14,"column":6},"end":{"line":14,"column":67}}},"4":{"name":"(anonymous_4)","decl":{"start":{"line":16,"column":24},"end":{"line":16,"column":31}},"loc":{"start":{"line":17,"column":2},"end":{"line":17,"column":53}}},"5":{"name":"(anonymous_5)","decl":{"start":{"line":17,"column":7},"end":{"line":17,"column":8}},"loc":{"start":{"line":17,"column":19},"end":{"line":17,"column":41}}},"6":{"name":"(anonymous_6)","decl":{"start":{"line":19,"column":19},"end":{"line":19,"column":26}},"loc":{"start":{"line":20,"column":2},"end":{"line":20,"column":42}}},"7":{"name":"(anonymous_7)","decl":{"start":{"line":20,"column":7},"end":{"line":20,"column":8}},"loc":{"start":{"line":20,"column":19},"end":{"line":20,"column":32}}},"8":{"name":"(anonymous_8)","decl":{"start":{"line":22,"column":23},"end":{"line":22,"column":30}},"loc":{"start":{"line":22,"column":58},"end":{"line":22,"column":74}}},"9":{"name":"(anonymous_9)","decl":{"start":{"line":24,"column":22},"end":{"line":24,"column":26}},"loc":{"start":{"line":25,"column":2},"end":{"line":25,"column":60}}},"10":{"name":"(anonymous_10)","decl":{"start":{"line":25,"column":7},"end":{"line":25,"column":8}},"loc":{"start":{"line":25,"column":20},"end":{"line":25,"column":49}}},"11":{"name":"(anonymous_11)","decl":{"start":{"line":27,"column":23},"end":{"line":28,"column":2}},"loc":{"start":{"line":30,"column":2},"end":{"line":33,"column":3}}},"12":{"name":"(anonymous_12)","decl":{"start":{"line":31,"column":4},"end":{"line":31,"column":5}},"loc":{"start":{"line":31,"column":23},"end":{"line":31,"column":70}}},"13":{"name":"(anonymous_13)","decl":{"start":{"line":31,"column":27},"end":{"line":31,"column":28}},"loc":{"start":{"line":31,"column":48},"end":{"line":31,"column":69}}},"14":{"name":"(anonymous_14)","decl":{"start":{"line":32,"column":4},"end":{"line":32,"column":5}},"loc":{"start":{"line":32,"column":27},"end":{"line":32,"column":34}}}},"branchMap":{"0":{"loc":{"start":{"line":10,"column":9},"end":{"line":10,"column":46}},"type":"cond-expr","locations":[{"start":{"line":10,"column":9},"end":{"line":10,"column":46}},{"start":{"line":10,"column":49},"end":{"line":10,"column":56}}]},"1":{"loc":{"start":{"line":14,"column":25},"end":{"line":14,"column":34}},"type":"cond-expr","locations":[{"start":{"line":14,"column":25},"end":{"line":14,"column":34}},{"start":{"line":14,"column":37},"end":{"line":14,"column":67}}]},"2":{"loc":{"start":{"line":25,"column":29},"end":{"line":25,"column":39}},"type":"cond-expr","locations":[{"start":{"line":25,"column":29},"end":{"line":25,"column":39}},{"start":{"line":25,"column":42},"end":{"line":25,"column":49}}]}},"s":{"0":5,"1":5,"2":15,"3":5,"4":17,"5":5,"6":54,"7":15,"8":5,"9":10,"10":1,"11":5,"12":13,"13":2,"14":5,"15":14,"16":5,"17":14,"18":2,"19":5,"20":3,"21":2,"22":1,"23":1},"f":{"0":15,"1":17,"2":54,"3":15,"4":10,"5":1,"6":13,"7":2,"8":14,"9":14,"10":2,"11":3,"12":2,"13":1,"14":1},"b":{"0":[17,0],"1":[6,9],"2":[1,1]}}
,"C:\\Users\\Chris.Horobin\\source\\repos\\unify\\src\\maybe\\nothing.ts": {"path":"C:\\Users\\Chris.Horobin\\source\\repos\\unify\\src\\maybe\\nothing.ts","statementMap":{"0":{"start":{"line":4,"column":13},"end":{"line":6,"column":2}}},"fnMap":{},"branchMap":{},"s":{"0":5},"f":{},"b":{}}
,"C:\\Users\\Chris.Horobin\\source\\repos\\unify\\src\\zip-with\\index.ts": {"path":"C:\\Users\\Chris.Horobin\\source\\repos\\unify\\src\\zip-with\\index.ts","statementMap":{"0":{"start":{"line":1,"column":0},"end":{"line":1,"column":27}}},"fnMap":{},"branchMap":{},"s":{"0":1},"f":{},"b":{}}
,"C:\\Users\\Chris.Horobin\\source\\repos\\unify\\src\\zip-with\\iterable-zip-with.ts": {"path":"C:\\Users\\Chris.Horobin\\source\\repos\\unify\\src\\zip-with\\iterable-zip-with.ts","statementMap":{"0":{"start":{"line":1,"column":13},"end":{"line":4,"column":40}},"1":{"start":{"line":3,"column":5},"end":{"line":4,"column":39}},"2":{"start":{"line":4,"column":2},"end":{"line":4,"column":39}},"3":{"start":{"line":11,"column":24},"end":{"line":11,"column":48}},"4":{"start":{"line":12,"column":25},"end":{"line":12,"column":50}},"5":{"start":{"line":15,"column":2},"end":{"line":20,"column":3}},"6":{"start":{"line":19,"column":4},"end":{"line":19,"column":56}}},"fnMap":{"0":{"name":"(anonymous_0)","decl":{"start":{"line":1,"column":23},"end":{"line":2,"column":2}},"loc":{"start":{"line":3,"column":5},"end":{"line":4,"column":39}}},"1":{"name":"(anonymous_1)","decl":{"start":{"line":3,"column":5},"end":{"line":3,"column":6}},"loc":{"start":{"line":4,"column":2},"end":{"line":4,"column":39}}},"2":{"name":"iterbleZipWith","decl":{"start":{"line":6,"column":9},"end":{"line":7,"column":1}},"loc":{"start":{"line":9,"column":27},"end":{"line":21,"column":1}}}},"branchMap":{"0":{"loc":{"start":{"line":16,"column":4},"end":{"line":16,"column":46}},"type":"binary-expr","locations":[{"start":{"line":16,"column":4},"end":{"line":16,"column":46}},{"start":{"line":17,"column":4},"end":{"line":17,"column":48}}]}},"s":{"0":1,"1":14,"2":4,"3":4,"4":4,"5":4,"6":7},"f":{"0":14,"1":4,"2":4},"b":{"0":[11,8]}}
,"C:\\Users\\Chris.Horobin\\source\\repos\\unify\\src\\zip-with\\zip-with.ts": {"path":"C:\\Users\\Chris.Horobin\\source\\repos\\unify\\src\\zip-with\\zip-with.ts","statementMap":{"0":{"start":{"line":1,"column":0},"end":{"line":1,"column":54}},"1":{"start":{"line":3,"column":0},"end":{"line":3,"column":59}},"2":{"start":{"line":5,"column":0},"end":{"line":5,"column":57}},"3":{"start":{"line":6,"column":0},"end":{"line":6,"column":64}},"4":{"start":{"line":8,"column":18},"end":{"line":14,"column":3}},"5":{"start":{"line":10,"column":5},"end":{"line":14,"column":3}},"6":{"start":{"line":11,"column":2},"end":{"line":14,"column":3}},"7":{"start":{"line":13,"column":50},"end":{"line":13,"column":71}},"8":{"start":{"line":16,"column":33},"end":{"line":21,"column":44}},"9":{"start":{"line":18,"column":5},"end":{"line":21,"column":44}},"10":{"start":{"line":21,"column":5},"end":{"line":21,"column":44}},"11":{"start":{"line":23,"column":21},"end":{"line":34,"column":1}},"12":{"start":{"line":25,"column":5},"end":{"line":34,"column":1}},"13":{"start":{"line":26,"column":28},"end":{"line":26,"column":30}},"14":{"start":{"line":27,"column":17},"end":{"line":27,"column":64}},"15":{"start":{"line":29,"column":2},"end":{"line":31,"column":3}},"16":{"start":{"line":30,"column":4},"end":{"line":30,"column":55}},"17":{"start":{"line":33,"column":2},"end":{"line":33,"column":16}},"18":{"start":{"line":36,"column":31},"end":{"line":39,"column":37}},"19":{"start":{"line":38,"column":5},"end":{"line":39,"column":37}},"20":{"start":{"line":39,"column":2},"end":{"line":39,"column":37}},"21":{"start":{"line":41,"column":13},"end":{"line":55,"column":38}},"22":{"start":{"line":43,"column":5},"end":{"line":55,"column":37}},"23":{"start":{"line":47,"column":2},"end":{"line":55,"column":37}}},"fnMap":{"0":{"name":"(anonymous_0)","decl":{"start":{"line":8,"column":18},"end":{"line":9,"column":2}},"loc":{"start":{"line":10,"column":5},"end":{"line":14,"column":3}}},"1":{"name":"(anonymous_1)","decl":{"start":{"line":10,"column":5},"end":{"line":10,"column":6}},"loc":{"start":{"line":11,"column":2},"end":{"line":14,"column":3}}},"2":{"name":"(anonymous_2)","decl":{"start":{"line":13,"column":10},"end":{"line":13,"column":11}},"loc":{"start":{"line":13,"column":50},"end":{"line":13,"column":71}}},"3":{"name":"(anonymous_3)","decl":{"start":{"line":16,"column":33},"end":{"line":17,"column":2}},"loc":{"start":{"line":18,"column":5},"end":{"line":21,"column":44}}},"4":{"name":"(anonymous_4)","decl":{"start":{"line":18,"column":5},"end":{"line":19,"column":2}},"loc":{"start":{"line":21,"column":5},"end":{"line":21,"column":44}}},"5":{"name":"(anonymous_5)","decl":{"start":{"line":23,"column":21},"end":{"line":24,"column":2}},"loc":{"start":{"line":25,"column":5},"end":{"line":34,"column":1}}},"6":{"name":"(anonymous_6)","decl":{"start":{"line":25,"column":5},"end":{"line":25,"column":6}},"loc":{"start":{"line":25,"column":54},"end":{"line":34,"column":1}}},"7":{"name":"(anonymous_7)","decl":{"start":{"line":36,"column":31},"end":{"line":37,"column":2}},"loc":{"start":{"line":38,"column":5},"end":{"line":39,"column":37}}},"8":{"name":"(anonymous_8)","decl":{"start":{"line":38,"column":5},"end":{"line":38,"column":6}},"loc":{"start":{"line":39,"column":2},"end":{"line":39,"column":37}}},"9":{"name":"(anonymous_9)","decl":{"start":{"line":41,"column":23},"end":{"line":42,"column":2}},"loc":{"start":{"line":43,"column":5},"end":{"line":55,"column":37}}},"10":{"name":"(anonymous_10)","decl":{"start":{"line":43,"column":5},"end":{"line":44,"column":2}},"loc":{"start":{"line":47,"column":2},"end":{"line":55,"column":37}}}},"branchMap":{},"s":{"0":1,"1":1,"2":1,"3":1,"4":1,"5":14,"6":3,"7":3,"8":1,"9":14,"10":0,"11":1,"12":14,"13":4,"14":4,"15":4,"16":6,"17":4,"18":1,"19":14,"20":3,"21":1,"22":14,"23":14},"f":{"0":14,"1":3,"2":3,"3":14,"4":0,"5":14,"6":4,"7":14,"8":3,"9":14,"10":14},"b":{}}
}
