TN:
SF:C:\Users\Chris.Horobin\source\repos\unify\src\monad.ts
FN:35,isObservable
FN:39,isImmutableIterable
FN:45,isIterableIndexed
FN:49,isArray
FN:53,isMaybe
FN:57,isIterable
FN:63,(anonymous_6)
FN:86,(anonymous_7)
FNF:8
FNH:8
FNDA:66,isObservable
FNDA:50,isImmutableIterable
FNDA:11,isIterableIndexed
FNDA:44,isArray
FNDA:29,isMaybe
FNDA:17,isIterable
FNDA:49,(anonymous_6)
FNDA:14,(anonymous_7)
DA:1,5
DA:2,5
DA:35,5
DA:36,66
DA:39,5
DA:42,50
DA:45,5
DA:46,11
DA:49,5
DA:50,44
DA:53,5
DA:54,29
DA:57,5
DA:60,17
DA:63,5
DA:71,49
DA:72,10
DA:73,39
DA:74,10
DA:75,29
DA:76,10
DA:77,19
DA:78,10
DA:79,9
DA:80,9
DA:82,0
DA:86,5
DA:108,14
DA:109,3
DA:110,11
DA:114,0
DA:115,11
DA:116,4
DA:117,7
DA:118,3
DA:119,4
DA:120,4
DA:122,0
LF:38
LH:35
BRDA:46,0,0,11
BRDA:46,0,1,0
BRDA:71,1,0,10
BRDA:71,1,1,39
BRDA:73,2,0,10
BRDA:73,2,1,29
BRDA:75,3,0,10
BRDA:75,3,1,19
BRDA:77,4,0,10
BRDA:77,4,1,9
BRDA:79,5,0,9
BRDA:79,5,1,0
BRDA:108,6,0,3
BRDA:108,6,1,11
BRDA:108,7,0,14
BRDA:108,7,1,3
BRDA:110,8,0,0
BRDA:110,8,1,11
BRDA:111,9,0,11
BRDA:111,9,1,0
BRDA:115,10,0,4
BRDA:115,10,1,7
BRDA:115,11,0,11
BRDA:115,11,1,4
BRDA:117,12,0,3
BRDA:117,12,1,4
BRDA:117,13,0,7
BRDA:117,13,1,3
BRDA:119,14,0,4
BRDA:119,14,1,0
BRDA:119,15,0,4
BRDA:119,15,1,4
BRF:32
BRH:27
end_of_record
TN:
SF:C:\Users\Chris.Horobin\source\repos\unify\src\filter\filter.ts
FN:7,(anonymous_0)
FN:7,(anonymous_1)
FN:11,(anonymous_2)
FN:11,(anonymous_3)
FN:14,(anonymous_4)
FN:14,(anonymous_5)
FNF:6
FNH:6
FNDA:14,(anonymous_0)
FNDA:3,(anonymous_1)
FNDA:14,(anonymous_2)
FNDA:3,(anonymous_3)
FNDA:14,(anonymous_4)
FNDA:14,(anonymous_5)
DA:1,1
DA:2,1
DA:4,1
DA:5,1
DA:7,14
DA:9,3
DA:11,14
DA:12,3
DA:14,14
DA:19,14
LF:10
LH:10
BRF:0
BRH:0
end_of_record
TN:
SF:C:\Users\Chris.Horobin\source\repos\unify\src\filter\index.ts
FNF:0
FNH:0
DA:1,1
LF:1
LH:1
BRF:0
BRH:0
end_of_record
TN:
SF:C:\Users\Chris.Horobin\source\repos\unify\src\filter\iterable-filter.ts
FN:1,(anonymous_0)
FN:1,(anonymous_1)
FN:4,iterableFilter
FNF:3
FNH:3
FNDA:14,(anonymous_0)
FNDA:2,(anonymous_1)
FNDA:2,iterableFilter
DA:1,14
DA:2,2
DA:8,2
DA:9,3
DA:10,2
LF:5
LH:5
BRDA:9,0,0,2
BRDA:9,0,1,1
BRF:2
BRH:2
end_of_record
TN:
SF:C:\Users\Chris.Horobin\source\repos\unify\src\flat-map\flat-map.ts
FN:8,(anonymous_0)
FN:10,(anonymous_1)
FN:13,(anonymous_2)
FN:13,(anonymous_3)
FN:14,(anonymous_4)
FN:16,(anonymous_5)
FN:18,(anonymous_6)
FNF:7
FNH:7
FNDA:14,(anonymous_0)
FNDA:3,(anonymous_1)
FNDA:14,(anonymous_2)
FNDA:3,(anonymous_3)
FNDA:6,(anonymous_4)
FNDA:14,(anonymous_5)
FNDA:14,(anonymous_6)
DA:1,1
DA:3,1
DA:5,1
DA:6,1
DA:8,1
DA:10,14
DA:11,3
DA:13,14
DA:14,6
DA:16,1
DA:18,14
DA:19,14
LF:12
LH:12
BRF:0
BRH:0
end_of_record
TN:
SF:C:\Users\Chris.Horobin\source\repos\unify\src\flat-map\index.ts
FNF:0
FNH:0
DA:1,1
LF:1
LH:1
BRF:0
BRH:0
end_of_record
TN:
SF:C:\Users\Chris.Horobin\source\repos\unify\src\flat-map\iterable-flat-map.ts
FN:1,(anonymous_0)
FN:1,(anonymous_1)
FN:5,iterableFlatMap
FNF:3
FNH:3
FNDA:14,(anonymous_0)
FNDA:2,(anonymous_1)
FNDA:2,iterableFlatMap
DA:1,14
DA:3,2
DA:9,2
DA:10,3
DA:11,3
DA:12,6
LF:6
LH:6
BRF:0
BRH:0
end_of_record
TN:
SF:C:\Users\Chris.Horobin\source\repos\unify\src\fold\fold.ts
FN:7,(anonymous_0)
FN:7,(anonymous_1)
FN:11,(anonymous_2)
FN:11,(anonymous_3)
FN:14,(anonymous_4)
FN:14,(anonymous_5)
FNF:6
FNH:6
FNDA:10,(anonymous_0)
FNDA:2,(anonymous_1)
FNDA:10,(anonymous_2)
FNDA:2,(anonymous_3)
FNDA:10,(anonymous_4)
FNDA:10,(anonymous_5)
DA:1,1
DA:2,1
DA:3,1
DA:5,1
DA:7,10
DA:9,2
DA:11,10
DA:12,2
DA:14,10
DA:19,10
LF:10
LH:10
BRF:0
BRH:0
end_of_record
TN:
SF:C:\Users\Chris.Horobin\source\repos\unify\src\fold\index.ts
FNF:0
FNH:0
DA:1,1
LF:1
LH:1
BRF:0
BRH:0
end_of_record
TN:
SF:C:\Users\Chris.Horobin\source\repos\unify\src\fold\iterable-fold.ts
FN:1,(anonymous_0)
FN:1,(anonymous_1)
FNF:2
FNH:2
FNDA:10,(anonymous_0)
FNDA:2,(anonymous_1)
DA:1,10
DA:4,2
DA:5,3
DA:6,2
LF:4
LH:4
BRF:0
BRH:0
end_of_record
TN:
SF:C:\Users\Chris.Horobin\source\repos\unify\src\map\index.ts
FNF:0
FNH:0
DA:1,1
LF:1
LH:1
BRF:0
BRH:0
end_of_record
TN:
SF:C:\Users\Chris.Horobin\source\repos\unify\src\map\iteratable-map.ts
FN:1,(anonymous_0)
FN:1,(anonymous_1)
FN:4,iterableMap
FNF:3
FNH:3
FNDA:11,(anonymous_0)
FNDA:3,(anonymous_1)
FNDA:3,iterableMap
DA:1,11
DA:2,3
DA:8,3
DA:9,4
LF:4
LH:4
BRF:0
BRH:0
end_of_record
TN:
SF:C:\Users\Chris.Horobin\source\repos\unify\src\map\map.ts
FN:7,(anonymous_0)
FN:7,(anonymous_1)
FN:9,(anonymous_2)
FN:9,(anonymous_3)
FN:13,(anonymous_4)
FN:13,(anonymous_5)
FNF:6
FNH:6
FNDA:11,(anonymous_0)
FNDA:2,(anonymous_1)
FNDA:11,(anonymous_2)
FNDA:2,(anonymous_3)
FNDA:11,(anonymous_4)
FNDA:11,(anonymous_5)
DA:1,1
DA:2,1
DA:3,1
DA:5,1
DA:7,11
DA:9,11
DA:11,2
DA:13,11
DA:16,11
LF:9
LH:9
BRF:0
BRH:0
end_of_record
TN:
SF:C:\Users\Chris.Horobin\source\repos\unify\src\maybe\index.ts
FNF:0
FNH:0
DA:1,5
DA:2,5
DA:3,5
LF:3
LH:3
BRF:0
BRH:0
end_of_record
TN:
SF:C:\Users\Chris.Horobin\source\repos\unify\src\maybe\maybe.ts
FN:7,(anonymous_0)
FN:9,(anonymous_1)
FN:12,(anonymous_2)
FN:12,(anonymous_3)
FN:16,(anonymous_4)
FN:17,(anonymous_5)
FN:19,(anonymous_6)
FN:20,(anonymous_7)
FN:22,(anonymous_8)
FN:24,(anonymous_9)
FN:25,(anonymous_10)
FN:27,(anonymous_11)
FN:31,(anonymous_12)
FN:31,(anonymous_13)
FN:32,(anonymous_14)
FNF:15
FNH:15
FNDA:15,(anonymous_0)
FNDA:17,(anonymous_1)
FNDA:54,(anonymous_2)
FNDA:15,(anonymous_3)
FNDA:10,(anonymous_4)
FNDA:1,(anonymous_5)
FNDA:13,(anonymous_6)
FNDA:2,(anonymous_7)
FNDA:14,(anonymous_8)
FNDA:14,(anonymous_9)
FNDA:2,(anonymous_10)
FNDA:3,(anonymous_11)
FNDA:2,(anonymous_12)
FNDA:1,(anonymous_13)
FNDA:1,(anonymous_14)
DA:2,5
DA:7,15
DA:9,5
DA:10,17
DA:12,54
DA:14,15
DA:16,5
DA:17,10
DA:19,5
DA:20,13
DA:22,14
DA:24,5
DA:25,14
DA:27,5
DA:30,3
DA:31,2
DA:32,1
LF:17
LH:17
BRDA:10,0,0,17
BRDA:10,0,1,0
BRDA:14,1,0,6
BRDA:14,1,1,9
BRDA:25,2,0,1
BRDA:25,2,1,1
BRF:6
BRH:5
end_of_record
TN:
SF:C:\Users\Chris.Horobin\source\repos\unify\src\maybe\nothing.ts
FNF:0
FNH:0
DA:4,5
LF:1
LH:1
BRF:0
BRH:0
end_of_record
TN:
SF:C:\Users\Chris.Horobin\source\repos\unify\src\zip-with\index.ts
FNF:0
FNH:0
DA:1,1
LF:1
LH:1
BRF:0
BRH:0
end_of_record
TN:
SF:C:\Users\Chris.Horobin\source\repos\unify\src\zip-with\iterable-zip-with.ts
FN:1,(anonymous_0)
FN:3,(anonymous_1)
FN:6,iterbleZipWith
FNF:3
FNH:3
FNDA:14,(anonymous_0)
FNDA:4,(anonymous_1)
FNDA:4,iterbleZipWith
DA:1,1
DA:3,14
DA:4,4
DA:11,4
DA:12,4
DA:15,4
DA:19,7
LF:7
LH:7
BRDA:16,0,0,11
BRDA:16,0,1,8
BRF:2
BRH:2
end_of_record
TN:
SF:C:\Users\Chris.Horobin\source\repos\unify\src\zip-with\zip-with.ts
FN:8,(anonymous_0)
FN:10,(anonymous_1)
FN:13,(anonymous_2)
FN:16,(anonymous_3)
FN:18,(anonymous_4)
FN:23,(anonymous_5)
FN:25,(anonymous_6)
FN:36,(anonymous_7)
FN:38,(anonymous_8)
FN:41,(anonymous_9)
FN:43,(anonymous_10)
FNF:11
FNH:10
FNDA:14,(anonymous_0)
FNDA:3,(anonymous_1)
FNDA:3,(anonymous_2)
FNDA:14,(anonymous_3)
FNDA:0,(anonymous_4)
FNDA:14,(anonymous_5)
FNDA:4,(anonymous_6)
FNDA:14,(anonymous_7)
FNDA:3,(anonymous_8)
FNDA:14,(anonymous_9)
FNDA:14,(anonymous_10)
DA:1,1
DA:3,1
DA:5,1
DA:6,1
DA:8,1
DA:10,14
DA:11,3
DA:13,3
DA:16,1
DA:18,14
DA:21,0
DA:23,1
DA:25,14
DA:26,4
DA:27,4
DA:29,4
DA:30,6
DA:33,4
DA:36,1
DA:38,14
DA:39,3
DA:41,1
DA:43,14
DA:47,14
LF:24
LH:23
BRF:0
BRH:0
end_of_record
